<?xml version="1.0" encoding="UTF-8"?>
<!-- Generated by org.testng.reporters.JUnitXMLReporter -->
<testsuite ignored="0" hostname="DESKTOP-D16FD6T" failures="0" tests="3" name="Default test" time="0.084" errors="0" timestamp="21 Sep 2021 13:17:47 GMT">
  <testcase classname="com.comcast.contacttest.ContactTest" name="createContactTest" time="0.022"/>
  <testcase classname="com.comcast.contacttest.ContactTest" name="createContactWithOrgTest" time="0.002"/>
  <testcase classname="com.comcast.contacttest.ContactTest" name="deleteContactTest" time="0.001"/>
</testsuite> <!-- Default test -->
